client/android/app/build/intermediates/manifest_merge_blame_file/debug/manifest-merger-blame-debug-report.txt
1<?xml version="1.0" encoding="utf-8"?>
2<manifest xmlns:android="http://schemas.android.com/apk/res/android"
3    package="com.client"
4    android:versionCode="1"
5    android:versionName="1.0" >
6
7    <uses-sdk
8        android:minSdkVersion="16"
9        android:targetSdkVersion="28" />
10
11    <uses-permission android:name="android.permission.SYSTEM_ALERT_WINDOW" />
11-->src/debug/AndroidManifest.xml:5:5-77
11-->src/debug/AndroidManifest.xml:5:22-75
12    <uses-permission android:name="android.permission.INTERNET" />
12-->src/main/AndroidManifest.xml:4:5-67
12-->src/main/AndroidManifest.xml:4:22-64
13    <uses-permission android:name="android.permission.ACCESS_COARSE_LOCATION" />
13-->src/main/AndroidManifest.xml:5:5-81
13-->src/main/AndroidManifest.xml:5:22-78
14    <uses-permission android:name="android.permission.ACCESS_FINE_LOCATION" />
14-->src/main/AndroidManifest.xml:6:5-79
14-->src/main/AndroidManifest.xml:6:22-76
15    <uses-permission android:name="android.permission.ACCESS_BACKGROUND_LOCATION" />
15-->src/main/AndroidManifest.xml:7:5-85
15-->src/main/AndroidManifest.xml:7:22-82
16    <uses-permission android:name="android.permission.ACCESS_WIFI_STATE" /> <!-- Include required permissions for Google Maps API to run. -->
16-->[com.facebook.flipper:flipper:0.33.1] AndroidManifest.xml:16:5-76
16-->[com.facebook.flipper:flipper:0.33.1] AndroidManifest.xml:16:22-73
17    <uses-permission android:name="android.permission.ACCESS_NETWORK_STATE" />
17-->[com.google.android.gms:play-services-maps:17.0.0] AndroidManifest.xml:23:5-79
17-->[com.google.android.gms:play-services-maps:17.0.0] AndroidManifest.xml:23:22-76
18
19    <uses-feature
19-->[com.google.android.gms:play-services-maps:17.0.0] AndroidManifest.xml:26:5-28:35
20        android:glEsVersion="0x00020000"
20-->[com.google.android.gms:play-services-maps:17.0.0] AndroidManifest.xml:27:9-41
21        android:required="true" />
21-->[com.google.android.gms:play-services-maps:17.0.0] AndroidManifest.xml:28:9-32
22
23    <application
23-->src/main/AndroidManifest.xml:9:5-44:19
24        android:name="com.client.MainApplication"
24-->src/main/AndroidManifest.xml:11:7-38
25        android:allowBackup="false"
25-->src/main/AndroidManifest.xml:15:7-34
26        android:appComponentFactory="androidx.core.app.CoreComponentFactory"
26-->[androidx.core:core:1.1.0] AndroidManifest.xml:24:18-86
27        android:debuggable="true"
28        android:icon="@mipmap/ic_launcher"
28-->src/main/AndroidManifest.xml:13:7-41
29        android:label="@string/app_name"
29-->src/main/AndroidManifest.xml:12:7-39
30        android:roundIcon="@mipmap/ic_launcher_round"
30-->src/main/AndroidManifest.xml:14:7-52
31        android:theme="@style/AppTheme"
31-->src/main/AndroidManifest.xml:16:7-38
32        android:usesCleartextTraffic="true" >
32-->src/main/AndroidManifest.xml:10:7-42
33        <activity
33-->src/main/AndroidManifest.xml:17:7-34:18
34            android:name="com.client.MainActivity"
34-->src/main/AndroidManifest.xml:18:9-37
35            android:configChanges="keyboard|keyboardHidden|orientation|screenSize|uiMode"
35-->src/main/AndroidManifest.xml:20:9-86
36            android:label="@string/app_name"
36-->src/main/AndroidManifest.xml:19:9-41
37            android:launchMode="singleTask"
37-->src/main/AndroidManifest.xml:21:9-40
38            android:windowSoftInputMode="adjustResize" >
38-->src/main/AndroidManifest.xml:22:9-51
39            <intent-filter>
39-->src/main/AndroidManifest.xml:23:9-26:25
40                <action android:name="android.intent.action.MAIN" />
40-->src/main/AndroidManifest.xml:24:13-65
40-->src/main/AndroidManifest.xml:24:21-62
41
42                <category android:name="android.intent.category.LAUNCHER" />
42-->src/main/AndroidManifest.xml:25:13-73
42-->src/main/AndroidManifest.xml:25:23-70
43            </intent-filter>
44            <intent-filter android:label="musicroom" >
44-->src/main/AndroidManifest.xml:28:13-33:29
44-->src/main/AndroidManifest.xml:28:28-53
45                <action android:name="android.intent.action.VIEW" />
45-->src/main/AndroidManifest.xml:29:17-69
45-->src/main/AndroidManifest.xml:29:25-66
46
47                <category android:name="android.intent.category.DEFAULT" />
47-->src/main/AndroidManifest.xml:30:17-76
47-->src/main/AndroidManifest.xml:30:27-73
48                <category android:name="android.intent.category.BROWSABLE" />
48-->src/main/AndroidManifest.xml:31:17-78
48-->src/main/AndroidManifest.xml:31:27-75
49
50                <data
50-->src/main/AndroidManifest.xml:32:17-80
51                    android:host="msrm42app.io"
51-->src/main/AndroidManifest.xml:32:50-77
52                    android:scheme="msrm42app" />
52-->src/main/AndroidManifest.xml:32:23-49
53            </intent-filter>
54        </activity> <!-- You will only need to add this meta-data tag, but make sure it's a child of application -->
55        <meta-data
55-->src/main/AndroidManifest.xml:36:7-38:66
56            android:name="com.google.android.geo.API_KEY"
56-->src/main/AndroidManifest.xml:37:9-54
57            android:value="AIzaSyD8VYe8IZm4XmdIrWW_7pvYpxaXSSuJw-Q" /> <!-- You will also only need to add this uses-library tag -->
57-->src/main/AndroidManifest.xml:38:9-64
58        <uses-library
58-->src/main/AndroidManifest.xml:41:7-85
59            android:name="org.apache.http.legacy"
59-->src/main/AndroidManifest.xml:41:21-58
60            android:required="false" />
60-->src/main/AndroidManifest.xml:41:59-83
61
62        <activity android:name="com.facebook.react.devsupport.DevSettingsActivity" />
62-->src/main/AndroidManifest.xml:43:7-84
62-->src/main/AndroidManifest.xml:43:17-81
63        <activity
63-->[com.google.android.gms:play-services-base:17.0.0] AndroidManifest.xml:23:9-26:75
64            android:name="com.google.android.gms.common.api.GoogleApiActivity"
64-->[com.google.android.gms:play-services-base:17.0.0] AndroidManifest.xml:24:13-79
65            android:exported="false"
65-->[com.google.android.gms:play-services-base:17.0.0] AndroidManifest.xml:25:13-37
66            android:theme="@android:style/Theme.Translucent.NoTitleBar" />
66-->[com.google.android.gms:play-services-base:17.0.0] AndroidManifest.xml:26:13-72
67
68        <meta-data
68-->[com.google.android.gms:play-services-basement:17.0.0] AndroidManifest.xml:23:9-25:69
69            android:name="com.google.android.gms.version"
69-->[com.google.android.gms:play-services-basement:17.0.0] AndroidManifest.xml:24:13-58
70            android:value="@integer/google_play_services_version" />
70-->[com.google.android.gms:play-services-basement:17.0.0] AndroidManifest.xml:25:13-66
71    </application>
72
73</manifest>